<?xml version="1.0" encoding="UTF-8"?>
<testng-results skipped="0" failed="0" total="1" passed="1">
  <reporter-output>
  </reporter-output>
  <suite name="Default suite" duration-ms="58714" started-at="2016-11-15T08:29:57Z" finished-at="2016-11-15T08:30:55Z">
    <groups>
    </groups>
    <test name="Default test" duration-ms="58714" started-at="2016-11-15T08:29:57Z" finished-at="2016-11-15T08:30:55Z">
      <class name="com.icscloud.tests.verifyLogin">
        <test-method status="PASS" signature="testDemoValidLogin()[pri:0, instance:com.icscloud.tests.verifyLogin@58651fd0]" name="testDemoValidLogin" duration-ms="58673" started-at="2016-11-15T21:29:57Z" finished-at="2016-11-15T21:30:55Z">
          <reporter-output>
          </reporter-output>
        </test-method> <!-- testDemoValidLogin -->
      </class> <!-- com.icscloud.tests.verifyLogin -->
    </test> <!-- Default test -->
  </suite> <!-- Default suite -->
</testng-results>
